<?xml version="1.0" encoding="UTF-8"?>
<!-- Generated by org.testng.reporters.JUnitReportReporter -->
<testsuite hostname="LAPTOP-8TP6OQIJ" failures="0" tests="1" name="testCases.test" time="4.274" errors="0" timestamp="2022-12-07T08:24:57 IST" skipped="0">
  <testcase classname="testCases.test" name="method1" time="4.274"/>
  <system-out/>
</testsuite> <!-- testCases.test -->
