<?xml version="1.0" encoding="UTF-8"?>
<!-- Generated by org.testng.reporters.JUnitReportReporter -->
<testsuite hostname="LAPTOP-8TP6OQIJ" failures="0" tests="1" name="testCases.signupTestCase" time="9.382" errors="0" timestamp="2022-12-08T09:06:37 IST" skipped="0">
  <testcase classname="testCases.signupTestCase" name="verifySignup" time="9.382"/>
  <system-out/>
</testsuite> <!-- testCases.signupTestCase -->
